0 info it worked if it ends with ok
1 verbose cli [ '/Users/jeff/.nvm-fish/v0.10.26/bin/node',
1 verbose cli   '/Users/jeff/.nvm-fish/v0.10.26/bin/npm',
1 verbose cli   'run',
1 verbose cli   'start' ]
2 info using npm@1.4.3
3 info using node@v0.10.26
4 verbose run-script [ 'prestart', 'start', 'poststart' ]
5 info prestart affinage@0.0.0
6 info start affinage@0.0.0
7 verbose unsafe-perm in lifecycle true
8 info affinage@0.0.0 Failed to exec start script
9 error affinage@0.0.0 start: `node server.js`
9 error Exit status 8
10 error Failed at the affinage@0.0.0 start script.
10 error This is most likely a problem with the affinage package,
10 error not with npm itself.
10 error Tell the author that this fails on your system:
10 error     node server.js
10 error You can get their info via:
10 error     npm owner ls affinage
10 error There is likely additional logging output above.
11 error System Darwin 13.1.0
12 error command "/Users/jeff/.nvm-fish/v0.10.26/bin/node" "/Users/jeff/.nvm-fish/v0.10.26/bin/npm" "run" "start"
13 error cwd /Users/jeff/Work/affinage
14 error node -v v0.10.26
15 error npm -v 1.4.3
16 error code ELIFECYCLE
17 verbose exit [ 1, true ]
